<?xml version="1.0" encoding="UTF-8"?>
<!-- Generated by org.testng.reporters.JUnitReportReporter -->
<testsuite hostname="E0273819" name="com.zalando.suite.TestBuyProducts" tests="1" failures="0" timestamp="25 Oct 2017 17:56:19 GMT" time="70.697" errors="0">
  <testcase name="testAddToCart" time="70.697" classname="com.zalando.suite.TestBuyProducts"/>
</testsuite> <!-- com.zalando.suite.TestBuyProducts -->
