<?xml version="1.0" encoding="UTF-8"?>
<!-- Generated by org.testng.reporters.JUnitReportReporter -->
<testsuite hostname="E0273819" name="com.zalando.suite.TestLoginPage" tests="1" failures="0" timestamp="24 Oct 2017 20:52:04 GMT" time="83.914" errors="0">
  <testcase name="testLogin" time="83.914" classname="com.zalando.suite.TestLoginPage"/>
</testsuite> <!-- com.zalando.suite.TestLoginPage -->
